<?xml version="1.0" encoding="UTF-8"?>
<!-- Generated by org.testng.reporters.JUnitReportReporter -->
<testsuite skipped="0" hostname="DESKTOP-5T2DAVB" name="day11.testNGsamples.Example7" tests="1" failures="0" timestamp="2022-04-28T22:25:03 IST" time="32.731" errors="0">
  <testcase name="loginInActitimeApplication" time="32.731" classname="day11.testNGsamples.Example7"/>
  <system-out/>
</testsuite> <!-- day11.testNGsamples.Example7 -->
