<?xml version="1.0" encoding="UTF-8"?>
<!-- Generated by org.testng.reporters.JUnitReportReporter -->
<testsuite skipped="0" hostname="DESKTOP-5T2DAVB" name="day11.testNGsamples.Example5" tests="2" failures="0" timestamp="2022-05-02T10:52:17 IST" time="0.014" errors="0">
  <testcase name="testcase5" time="0.011" classname="day11.testNGsamples.Example5"/>
  <system-out/>
  <testcase name="testcase6" time="0.003" classname="day11.testNGsamples.Example5"/>
  <system-out/>
</testsuite> <!-- day11.testNGsamples.Example5 -->
