<?xml version="1.0" encoding="UTF-8"?>
<!-- Generated by org.testng.reporters.JUnitReportReporter -->
<testsuite skipped="0" hostname="DESKTOP-5T2DAVB" name="day11.testNGsamples.Example6" tests="2" failures="0" timestamp="2022-04-28T21:27:59 IST" time="0.015" errors="0">
  <testcase name="testcase7" time="0.015" classname="day11.testNGsamples.Example6"/>
  <system-out/>
  <testcase name="testcase8" time="0.000" classname="day11.testNGsamples.Example6"/>
  <system-out/>
</testsuite> <!-- day11.testNGsamples.Example6 -->
