<?xml version="1.0" encoding="UTF-8"?>
<!-- Generated by org.testng.reporters.JUnitReportReporter -->
<testsuite skipped="0" hostname="DESKTOP-5T2DAVB" name="day11.testNGsamples.Example3" tests="1" failures="0" timestamp="2022-04-28T21:13:46 IST" time="2.016" errors="0">
  <testcase name="testCase3" time="2.016" classname="day11.testNGsamples.Example3"/>
  <system-out/>
</testsuite> <!-- day11.testNGsamples.Example3 -->
