<?xml version="1.0" encoding="UTF-8"?>
<!-- Generated by org.testng.reporters.JUnitReportReporter -->
<testsuite skipped="0" hostname="DESKTOP-5T2DAVB" name="day11.testNGsamples.Example_param1" tests="10" failures="0" timestamp="2022-05-02T11:38:44 IST" time="0.042" errors="0">
  <testcase name="param1" time="0.016" classname="day11.testNGsamples.Example_param1"/>
  <system-out/>
  <testcase name="param1" time="0.000" classname="day11.testNGsamples.Example_param1"/>
  <system-out/>
  <testcase name="param1" time="0.000" classname="day11.testNGsamples.Example_param1"/>
  <system-out/>
  <testcase name="param1" time="0.000" classname="day11.testNGsamples.Example_param1"/>
  <system-out/>
  <testcase name="param1" time="0.000" classname="day11.testNGsamples.Example_param1"/>
  <system-out/>
  <testcase name="param1" time="0.000" classname="day11.testNGsamples.Example_param1"/>
  <system-out/>
  <testcase name="param1" time="0.000" classname="day11.testNGsamples.Example_param1"/>
  <system-out/>
  <testcase name="param1" time="0.026" classname="day11.testNGsamples.Example_param1"/>
  <system-out/>
  <testcase name="param1" time="0.000" classname="day11.testNGsamples.Example_param1"/>
  <system-out/>
  <testcase name="param1" time="0.000" classname="day11.testNGsamples.Example_param1"/>
  <system-out/>
</testsuite> <!-- day11.testNGsamples.Example_param1 -->
